<?xml version="1.0" encoding="UTF-8"?>
<testng-results skipped="0" failed="0" ignored="0" total="1" passed="1">
  <reporter-output>
  </reporter-output>
  <suite name="Default suite" duration-ms="30097" started-at="2021-09-10T16:24:14Z" finished-at="2021-09-10T16:24:45Z">
    <groups>
      <group name="cucumber">
        <method signature="AbstractTestNGCucumberTests.runScenario(io.cucumber.testng.PickleWrapper, io.cucumber.testng.FeatureWrapper)[pri:0, instance:testRunner.RunnerTest@4bec1f0c]" name="runScenario" class="io.cucumber.testng.AbstractTestNGCucumberTests"/>
      </group> <!-- cucumber -->
    </groups>
    <test name="Default test" duration-ms="30097" started-at="2021-09-10T16:24:14Z" finished-at="2021-09-10T16:24:45Z">
      <class name="testRunner.RunnerTest">
        <test-method status="PASS" signature="setUpClass()[pri:0, instance:testRunner.RunnerTest@4bec1f0c]" name="setUpClass" is-config="true" duration-ms="1454" started-at="2021-09-10T12:24:15Z" finished-at="2021-09-10T12:24:16Z">
          <reporter-output>
          </reporter-output>
        </test-method> <!-- setUpClass -->
        <test-method status="PASS" signature="runScenario(io.cucumber.testng.PickleWrapper, io.cucumber.testng.FeatureWrapper)[pri:0, instance:testRunner.RunnerTest@4bec1f0c]" name="runScenario" duration-ms="27759" started-at="2021-09-10T12:24:16Z" description="Runs Cucumber Scenarios" data-provider="scenarios" finished-at="2021-09-10T12:24:44Z">
          <params>
            <param index="0">
              <value>
                <![CDATA["Login with valid user"]]>
              </value>
            </param>
            <param index="1">
              <value>
                <![CDATA["Login to the OHRM Application"]]>
              </value>
            </param>
          </params>
          <reporter-output>
          </reporter-output>
        </test-method> <!-- runScenario -->
        <test-method status="PASS" signature="tearDownClass()[pri:0, instance:testRunner.RunnerTest@4bec1f0c]" name="tearDownClass" is-config="true" duration-ms="751" started-at="2021-09-10T12:24:44Z" finished-at="2021-09-10T12:24:45Z">
          <reporter-output>
          </reporter-output>
        </test-method> <!-- tearDownClass -->
      </class> <!-- testRunner.RunnerTest -->
    </test> <!-- Default test -->
  </suite> <!-- Default suite -->
</testng-results>
